<?xml version="1.0" encoding="UTF-8"?>
<testsuite name="VocabTest" tests="3" skipped="0" failures="0" errors="0" timestamp="2021-11-13T22:17:39" hostname="DESKTOP-R5N5FS8" time="0.036">
  <properties/>
  <testcase name="testAddWordPair()" classname="VocabTest" time="0.029"/>
  <testcase name="testConstructor()" classname="VocabTest" time="0.003"/>
  <testcase name="testAddStartingWord()" classname="VocabTest" time="0.004"/>
  <system-out><![CDATA[]]></system-out>
  <system-err><![CDATA[]]></system-err>
</testsuite>
