<?xml version="1.0" encoding="UTF-8"?>
<testsuite name="VocabTest" tests="3" skipped="0" failures="0" errors="0" timestamp="2021-11-13T22:27:26" hostname="DESKTOP-R5N5FS8" time="0.03">
  <properties/>
  <testcase name="testAddWordPair()" classname="VocabTest" time="0.026"/>
  <testcase name="testConstructor()" classname="VocabTest" time="0.001"/>
  <testcase name="testAddStartingWord()" classname="VocabTest" time="0.002"/>
  <system-out><![CDATA[]]></system-out>
  <system-err><![CDATA[]]></system-err>
</testsuite>
